#
# A fatal error has been detected by the Java Runtime Environment:
#
#  SIGSEGV (0xb) at pc=0x00007f911d95ebde, pid=7226, tid=0x00007f910299a700
#
# JRE version: Java(TM) SE Runtime Environment (8.0_131-b11) (build 1.8.0_131-b11)
# Java VM: Java HotSpot(TM) 64-Bit Server VM (25.131-b11 mixed mode linux-amd64 compressed oops)
# Problematic frame:
# V  [libjvm.so+0x47ebde]  CodeBuffer::finalize_oop_references(methodHandle)+0x17e
#
# Failed to write core dump. Core dumps have been disabled. To enable core dumping, try "ulimit -c unlimited" before starting Java again
#
# If you would like to submit a bug report, please visit:
#   http://bugreport.java.com/bugreport/crash.jsp
#

---------------  T H R E A D  ---------------

Current thread (0x00007f91180b8800):  JavaThread "C1 CompilerThread1" daemon [_thread_in_vm, id=7241, stack(0x00007f910289a000,0x00007f910299b000)]

siginfo: si_signo: 11 (SIGSEGV), si_code: 1 (SEGV_MAPERR), si_addr: 0x00007f9143f8ca68

Registers:
RAX=0xffffffffffffffff, RBX=0x00007f9102998fb0, RCX=0x0000000000000048, RDX=0x00007f9109078fc3
RSP=0x00007f9102998f20, RBP=0x00007f9102999030, RSI=0x00007f911dfe7520, RDI=0x00007f9109078fc1
R8 =0x0000000000000001, R9 =0x0000000000000000, R10=0x00000000000003fd, R11=0x00007f90e809fcf0
R12=0x00007f9143f8ca68, R13=0x00007f9102999550, R14=0x0000000000000001, R15=0x00007f9102998f40
RIP=0x00007f911d95ebde, EFLAGS=0x0000000000010217, CSGSFS=0x002b000000000033, ERR=0x0000000000000004
  TRAPNO=0x000000000000000e

Top of Stack: (sp=0x00007f9102998f20)
0x00007f9102998f20:   00007f90dc044ac0 00007f9102998fe0
0x00007f9102998f30:   00007f9102999110 00007f91029994f8
0x00007f9102998f40:   0000000000000000 00007f90dc22833e
0x00007f9102998f50:   00007f90dc2287ee 0000000000000000
0x00007f9102998f60:   00007f9109078fc1 00007f90dc13000a
0x00007f9102998f70:   00007f9102998f68 00007f90dc000000
0x00007f9102998f80:   00007f91090f7220 00007f9109077220
0x00007f9102998f90:   00007f91090f6980 00007f91090f7220
0x00007f9102998fa0:   00007f910907f534 00007f91090f6e71
0x00007f9102998fb0:   00007f911e44a330 00007f9102998f40
0x00007f9102998fc0:   0000000000000000 00007f911dd19390
0x00007f9102998fd0:   000000000000000f ffffffffffffffff
0x00007f9102998fe0:   0000000200000000 0000000000000000
0x00007f9102998ff0:   000000000000000f 00007f90dc27b1e0
0x00007f9102999000:   000000000000000c 00007f911801c0d0
0x00007f9102999010:   0000000000000028 00007f9103e1c728
0x00007f9102999020:   00007f91180b8800 00007f9102999890
0x00007f9102999030:   00007f9102999150 00007f911ddccfd0
0x00007f9102999040:   00007f9102998f20 00007f9102999200
0x00007f9102999050:   00007f911801bc98 0000000000000001
0x00007f9102999060:   00007f91029990a0 00007f911ddfb85f
0x00007f9102999070:   00007f9103e15358 00007f911801bc98
0x00007f9102999080:   0000000000000001 00000000000000b8
0x00007f9102999090:   00007f911801bcc0 0000012800000002
0x00007f91029990a0:   00007f91029994d8 000003fdffffffff
0x00007f91029990b0:   00007f9102999230 00007f91029990f0
0x00007f91029990c0:   00007f9102999890 00000000000003fe
0x00007f91029990d0:   00007f91180b8800 00007f9102999890
0x00007f91029990e0:   00007f9102999150 00007f911d8f2c51
0x00007f91029990f0:   0000000000000000 00007f90dc09fc90
0x00007f9102999100:   00007f90dc27b140 06007f9100000029
0x00007f9102999110:   00007f9103e1c728 00007f91180b8800 

Instructions: (pc=0x00007f911d95ebde)
0x00007f911d95ebbe:   e8 ad 9b 52 00 48 85 c0 49 89 c4 0f 84 43 ff ff
0x00007f911d95ebce:   ff e8 4c 00 61 00 49 39 c4 90 0f 84 34 ff ff ff
0x00007f911d95ebde:   49 8b 04 24 4c 89 e7 0f 1f 00 ff 50 18 84 c0 0f
0x00007f911d95ebee:   1f 00 0f 85 c3 02 00 00 49 8b 04 24 4c 89 e7 ff 

Register to memory mapping:

RAX=0xffffffffffffffff is an unknown value
RBX=0x00007f9102998fb0 is pointing into the stack for thread: 0x00007f91180b8800
RCX=0x0000000000000048 is an unknown value
RDX=0x00007f9109078fc3 is at code_begin+7587 in 
[CodeBlob (0x00007f91090771d0)]
Framesize: 0
BufferBlob (0x00007f91090771d0) used for C1 temporary CodeBuffer
RSP=0x00007f9102998f20 is pointing into the stack for thread: 0x00007f91180b8800
RBP=0x00007f9102999030 is pointing into the stack for thread: 0x00007f91180b8800
RSI=0x00007f911dfe7520: <offset 0xb07520> in /opt/jdk1.8.0_131/jre/lib/amd64/server/libjvm.so at 0x00007f911d4e0000
RDI=0x00007f9109078fc1 is at code_begin+7585 in 
[CodeBlob (0x00007f91090771d0)]
Framesize: 0
BufferBlob (0x00007f91090771d0) used for C1 temporary CodeBuffer
R8 =0x0000000000000001 is an unknown value
R9 =0x0000000000000000 is an unknown value
R10=0x00000000000003fd is an unknown value
R11=0x00007f90e809fcf0 is an unknown value
R12=0x00007f9143f8ca68 is an unknown value
R13=0x00007f9102999550 is pointing into the stack for thread: 0x00007f91180b8800
R14=0x0000000000000001 is an unknown value
R15=0x00007f9102998f40 is pointing into the stack for thread: 0x00007f91180b8800


Stack: [0x00007f910289a000,0x00007f910299b000],  sp=0x00007f9102998f20,  free space=1019k
Native frames: (J=compiled Java code, j=interpreted, Vv=VM code, C=native code)
V  [libjvm.so+0x47ebde]  CodeBuffer::finalize_oop_references(methodHandle)+0x17e
V  [libjvm.so+0x8ecfd0]  nmethod::new_nmethod(methodHandle, int, int, CodeOffsets*, int, DebugInformationRecorder*, Dependencies*, CodeBuffer*, int, OopMapSet*, ExceptionHandlerTable*, ImplicitExceptionTable*, AbstractCompiler*, int)+0x90
V  [libjvm.so+0x4166eb]  ciEnv::register_method(ciMethod*, int, CodeOffsets*, int, CodeBuffer*, int, OopMapSet*, ExceptionHandlerTable*, ImplicitExceptionTable*, AbstractCompiler*, int, bool, bool, RTMState)+0x42b
V  [libjvm.so+0x358d89]  Compilation::install_code(int)+0xc9
V  [libjvm.so+0x35a27c]  Compilation::compile_method()+0xec
V  [libjvm.so+0x35a54e]  Compilation::Compilation(AbstractCompiler*, ciEnv*, ciMethod*, int, BufferBlob*)+0x25e
V  [libjvm.so+0x35b2f9]  Compiler::compile_method(ciEnv*, ciMethod*, int)+0xa9
V  [libjvm.so+0x4b0aea]  CompileBroker::invoke_compiler_on_method(CompileTask*)+0xc9a
V  [libjvm.so+0x4b1a96]  CompileBroker::compiler_thread_loop()+0x5d6
V  [libjvm.so+0xa76833]  JavaThread::thread_main_inner()+0x103
V  [libjvm.so+0xa7697c]  JavaThread::run()+0x11c
V  [libjvm.so+0x927568]  java_start(Thread*)+0x108
C  [libpthread.so.0+0x7494]  start_thread+0xc4


Current CompileTask:
C1:   6829 1021       3       java.awt.Component::dispatchEventImpl (883 bytes)


---------------  P R O C E S S  ---------------

Java Threads: ( => current thread )
  0x00007f90c40ad800 JavaThread "TimerQueue" daemon [_thread_blocked, id=7248, stack(0x00007f90cb037000,0x00007f90cb138000)]
  0x00007f9118009800 JavaThread "DestroyJavaVM" [_thread_blocked, id=7228, stack(0x00007f911ef9a000,0x00007f911f09b000)]
  0x00007f9118226800 JavaThread "AWT-EventQueue-0" [_thread_blocked, id=7247, stack(0x00007f91000e3000,0x00007f91001e4000)]
  0x00007f9118225000 JavaThread "AWT-Shutdown" [_thread_blocked, id=7246, stack(0x00007f91001e4000,0x00007f91002e5000)]
  0x00007f9118220800 JavaThread "AWT-XAWT" daemon [_thread_in_native, id=7245, stack(0x00007f91002e5000,0x00007f91003e6000)]
  0x00007f9118205800 JavaThread "Java2D Disposer" daemon [_thread_blocked, id=7244, stack(0x00007f91007f7000,0x00007f91008f8000)]
  0x00007f91180bb000 JavaThread "Service Thread" daemon [_thread_blocked, id=7242, stack(0x00007f9102799000,0x00007f910289a000)]
=>0x00007f91180b8800 JavaThread "C1 CompilerThread1" daemon [_thread_in_vm, id=7241, stack(0x00007f910289a000,0x00007f910299b000)]
  0x00007f91180b5800 JavaThread "C2 CompilerThread0" daemon [_thread_blocked, id=7240, stack(0x00007f910299b000,0x00007f9102a9c000)]
  0x00007f91180b4000 JavaThread "Signal Dispatcher" daemon [_thread_blocked, id=7239, stack(0x00007f9102a9c000,0x00007f9102b9d000)]
  0x00007f911807f800 JavaThread "Finalizer" daemon [_thread_blocked, id=7238, stack(0x00007f9102d1e000,0x00007f9102e1f000)]
  0x00007f911807b000 JavaThread "Reference Handler" daemon [_thread_blocked, id=7237, stack(0x00007f9102e1f000,0x00007f9102f20000)]

Other Threads:
  0x00007f9118073800 VMThread [stack: 0x00007f9102f20000,0x00007f9103021000] [id=7235]
  0x00007f91180be000 WatcherThread [stack: 0x00007f9102698000,0x00007f9102799000] [id=7243]

VM state:not at safepoint (normal execution)

VM Mutex/Monitor currently owned by a thread:  ([mutex/lock_event])
[0x00007f9118006910] Compile_lock - owner thread: 0x00007f91180b8800
[0x00007f9118006a10] MethodCompileQueue_lock - owner thread: 0x00007f91180b8800

Heap:
 PSYoungGen      total 36864K, used 11449K [0x00000000d7300000, 0x00000000d9c00000, 0x0000000100000000)
  eden space 31744K, 36% used [0x00000000d7300000,0x00000000d7e2e590,0x00000000d9200000)
  from space 5120K, 0% used [0x00000000d9700000,0x00000000d9700000,0x00000000d9c00000)
  to   space 5120K, 0% used [0x00000000d9200000,0x00000000d9200000,0x00000000d9700000)
 ParOldGen       total 84992K, used 0K [0x0000000085800000, 0x000000008ab00000, 0x00000000d7300000)
  object space 84992K, 0% used [0x0000000085800000,0x0000000085800000,0x000000008ab00000)
 Metaspace       used 14369K, capacity 14552K, committed 14720K, reserved 1062912K
  class space    used 1843K, capacity 1918K, committed 1920K, reserved 1048576K

Card table byte_map: [0x00007f910886b000,0x00007f9108c40000] byte_map_base: 0x00007f910843f000

Marking Bits: (ParMarkBitMap*) 0x00007f911e4a5f60
 Begin Bits: [0x00007f910479c000, 0x00007f910663c000)
 End Bits:   [0x00007f910663c000, 0x00007f91084dc000)

Polling page: 0x00007f911f0c8000

CodeCache: size=245760Kb used=3292Kb max_used=3302Kb free=242467Kb
 bounds [0x00007f9109000000, 0x00007f9109340000, 0x00007f9118000000]
 total_blobs=1585 nmethods=1020 adapters=480
 compilation: enabled

Compilation events (10 events):
Event: 6.518 Thread 0x00007f91180b8800 nmethod 1016 0x00007f9109331610 code [0x00007f9109331780, 0x00007f9109331990]
Event: 6.653 Thread 0x00007f91180b8800 1017       3       sun.awt.X11.XWindow::getModifiers (245 bytes)
Event: 6.656 Thread 0x00007f91180b8800 nmethod 1017 0x00007f91093376d0 code [0x00007f91093378c0, 0x00007f9109338388]
Event: 6.755 Thread 0x00007f91180b5800 1018       4       javax.swing.JComponent::contains (27 bytes)
Event: 6.757 Thread 0x00007f91180b5800 nmethod 1018 0x00007f9109334550 code [0x00007f91093346a0, 0x00007f9109334738]
Event: 6.758 Thread 0x00007f91180b8800 1019       1       java.awt.event.MouseEvent::isPopupTrigger (5 bytes)
Event: 6.758 Thread 0x00007f91180b8800 nmethod 1019 0x00007f910933af50 code [0x00007f910933b0a0, 0x00007f910933b1b0]
Event: 6.793 Thread 0x00007f91180b8800 1020       3       java.util.HashMap::afterNodeRemoval (1 bytes)
Event: 6.793 Thread 0x00007f91180b8800 nmethod 1020 0x00007f910933ac50 code [0x00007f910933ada0, 0x00007f910933aef0]
Event: 6.806 Thread 0x00007f91180b8800 1021       3       java.awt.Component::dispatchEventImpl (883 bytes)

GC Heap History (0 events):
No events

Deoptimization events (4 events):
Event: 1.619 Thread 0x00007f9118226800 Uncommon trap: reason=class_check action=maybe_recompile pc=0x00007f9109147064 method=java.lang.String.equals(Ljava/lang/Object;)Z @ 8
Event: 1.619 Thread 0x00007f9118226800 Uncommon trap: reason=class_check action=maybe_recompile pc=0x00007f9109147064 method=java.lang.String.equals(Ljava/lang/Object;)Z @ 8
Event: 1.625 Thread 0x00007f9118226800 Uncommon trap: reason=class_check action=maybe_recompile pc=0x00007f9109147064 method=java.lang.String.equals(Ljava/lang/Object;)Z @ 8
Event: 1.625 Thread 0x00007f9118226800 Uncommon trap: reason=class_check action=maybe_recompile pc=0x00007f9109147064 method=java.lang.String.equals(Ljava/lang/Object;)Z @ 8

Internal exceptions (10 events):
Event: 0.066 Thread 0x00007f9118009800 Exception <a 'java/lang/NoSuchMethodError': Method sun.misc.Unsafe.prefetchRead(Ljava/lang/Object;J)V name or signature does not match> (0x00000000d7307f90) thrown at [/HUDSON/workspace/8-2-build-linux-amd64/jdk8u131/8869/hotspot/src/share/vm/prims/jni.cp
Event: 0.176 Thread 0x00007f9118009800 Exception <a 'java/security/PrivilegedActionException'> (0x00000000d7395b30) thrown at [/HUDSON/workspace/8-2-build-linux-amd64/jdk8u131/8869/hotspot/src/share/vm/prims/jvm.cpp, line 1390]
Event: 0.177 Thread 0x00007f9118009800 Exception <a 'java/security/PrivilegedActionException'> (0x00000000d7395d40) thrown at [/HUDSON/workspace/8-2-build-linux-amd64/jdk8u131/8869/hotspot/src/share/vm/prims/jvm.cpp, line 1390]
Event: 0.179 Thread 0x00007f9118009800 Exception <a 'java/security/PrivilegedActionException'> (0x00000000d7397e20) thrown at [/HUDSON/workspace/8-2-build-linux-amd64/jdk8u131/8869/hotspot/src/share/vm/prims/jvm.cpp, line 1390]
Event: 0.179 Thread 0x00007f9118009800 Exception <a 'java/security/PrivilegedActionException'> (0x00000000d7398030) thrown at [/HUDSON/workspace/8-2-build-linux-amd64/jdk8u131/8869/hotspot/src/share/vm/prims/jvm.cpp, line 1390]
Event: 0.254 Thread 0x00007f9118009800 Exception <a 'java/lang/NoSuchFieldError': method resolution failed> (0x00000000d7511938) thrown at [/HUDSON/workspace/8-2-build-linux-amd64/jdk8u131/8869/hotspot/src/share/vm/prims/methodHandles.cpp, line 1146]
Event: 0.258 Thread 0x00007f9118009800 Exception <a 'java/lang/NoSuchFieldError': method resolution failed> (0x00000000d751f108) thrown at [/HUDSON/workspace/8-2-build-linux-amd64/jdk8u131/8869/hotspot/src/share/vm/prims/methodHandles.cpp, line 1146]
Event: 0.290 Thread 0x00007f9118009800 Exception <a 'java/io/FileNotFoundException'> (0x00000000d759ca10) thrown at [/HUDSON/workspace/8-2-build-linux-amd64/jdk8u131/8869/hotspot/src/share/vm/prims/jni.cpp, line 709]
Event: 0.290 Thread 0x00007f9118009800 Exception <a 'java/io/FileNotFoundException'> (0x00000000d759d368) thrown at [/HUDSON/workspace/8-2-build-linux-amd64/jdk8u131/8869/hotspot/src/share/vm/prims/jni.cpp, line 709]
Event: 0.971 Thread 0x00007f9118226800 Exception <a 'java/lang/UnsupportedOperationException': > (0x00000000d7c6ca48) thrown at [/HUDSON/workspace/8-2-build-linux-amd64/jdk8u131/8869/hotspot/src/share/vm/prims/jni.cpp, line 735]

Events (10 events):
Event: 6.493 loading class sun/util/locale/provider/CalendarNameProviderImpl$LengthBasedComparator
Event: 6.493 loading class sun/util/locale/provider/CalendarNameProviderImpl$LengthBasedComparator done
Event: 6.494 loading class java/util/TreeMap$EntrySet
Event: 6.494 loading class java/util/TreeMap$EntrySet done
Event: 6.494 loading class java/util/TreeMap$EntryIterator
Event: 6.494 loading class java/util/TreeMap$PrivateEntryIterator
Event: 6.494 loading class java/util/TreeMap$PrivateEntryIterator done
Event: 6.494 loading class java/util/TreeMap$EntryIterator done
Event: 6.504 loading class java/awt/KeyboardFocusManager$4
Event: 6.507 loading class java/awt/KeyboardFocusManager$4 done


Dynamic libraries:
00400000-00401000 r-xp 00000000 08:01 19268915                           /opt/jdk1.8.0_131/bin/java
00600000-00601000 rw-p 00000000 08:01 19268915                           /opt/jdk1.8.0_131/bin/java
018b8000-01b67000 rw-p 00000000 00:00 0                                  [heap]
85800000-8ab00000 rw-p 00000000 00:00 0 
8ab00000-d7300000 ---p 00000000 00:00 0 
d7300000-d9c00000 rw-p 00000000 00:00 0 
d9c00000-100000000 ---p 00000000 00:00 0 
100000000-1001e0000 rw-p 00000000 00:00 0 
1001e0000-140000000 ---p 00000000 00:00 0 
7f90c4000000-7f90c416a000 rw-p 00000000 00:00 0 
7f90c416a000-7f90c8000000 ---p 00000000 00:00 0 
7f90cab36000-7f90cabb6000 rw-p 00000000 00:00 0 
7f90cabb6000-7f90cad39000 ---p 00000000 00:00 0 
7f90cad39000-7f90cb037000 rw-p 00000000 00:00 0 
7f90cb037000-7f90cb03a000 ---p 00000000 00:00 0 
7f90cb03a000-7f90cb138000 rw-p 00000000 00:00 0 
7f90cb138000-7f90cb1a1000 r-xp 00000000 08:01 20582496                   /opt/jdk1.8.0_131/jre/lib/amd64/libt2k.so
7f90cb1a1000-7f90cb3a1000 ---p 00069000 08:01 20582496                   /opt/jdk1.8.0_131/jre/lib/amd64/libt2k.so
7f90cb3a1000-7f90cb3a8000 rw-p 00069000 08:01 20582496                   /opt/jdk1.8.0_131/jre/lib/amd64/libt2k.so
7f90cb3a8000-7f90cb3b8000 rw-p 00000000 00:00 0 
7f90cb3b8000-7f90cb3c9000 r-xp 00000000 08:01 20582536                   /opt/jdk1.8.0_131/jre/lib/amd64/libnio.so
7f90cb3c9000-7f90cb5c8000 ---p 00011000 08:01 20582536                   /opt/jdk1.8.0_131/jre/lib/amd64/libnio.so
7f90cb5c8000-7f90cb5c9000 rw-p 00010000 08:01 20582536                   /opt/jdk1.8.0_131/jre/lib/amd64/libnio.so
7f90cb5c9000-7f90cb5dd000 r-xp 00000000 08:01 18876448                   /lib/x86_64-linux-gnu/libresolv-2.24.so
7f90cb5dd000-7f90cb7dc000 ---p 00014000 08:01 18876448                   /lib/x86_64-linux-gnu/libresolv-2.24.so
7f90cb7dc000-7f90cb7dd000 r--p 00013000 08:01 18876448                   /lib/x86_64-linux-gnu/libresolv-2.24.so
7f90cb7dd000-7f90cb7de000 rw-p 00014000 08:01 18876448                   /lib/x86_64-linux-gnu/libresolv-2.24.so
7f90cb7de000-7f90cb7e0000 rw-p 00000000 00:00 0 
7f90cb7e0000-7f90cb7e5000 r-xp 00000000 08:01 18876390                   /lib/x86_64-linux-gnu/libnss_dns-2.24.so
7f90cb7e5000-7f90cb9e4000 ---p 00005000 08:01 18876390                   /lib/x86_64-linux-gnu/libnss_dns-2.24.so
7f90cb9e4000-7f90cb9e5000 r--p 00004000 08:01 18876390                   /lib/x86_64-linux-gnu/libnss_dns-2.24.so
7f90cb9e5000-7f90cb9e6000 rw-p 00005000 08:01 18876390                   /lib/x86_64-linux-gnu/libnss_dns-2.24.so
7f90cb9e6000-7f90cb9e8000 r-xp 00000000 08:01 18876209                   /lib/x86_64-linux-gnu/libnss_mdns4_minimal.so.2
7f90cb9e8000-7f90cbbe7000 ---p 00002000 08:01 18876209                   /lib/x86_64-linux-gnu/libnss_mdns4_minimal.so.2
7f90cbbe7000-7f90cbbe8000 r--p 00001000 08:01 18876209                   /lib/x86_64-linux-gnu/libnss_mdns4_minimal.so.2
7f90cbbe8000-7f90cbbe9000 rw-p 00002000 08:01 18876209                   /lib/x86_64-linux-gnu/libnss_mdns4_minimal.so.2
7f90cbbe9000-7f90cbbff000 r-xp 00000000 08:01 20582533                   /opt/jdk1.8.0_131/jre/lib/amd64/libnet.so
7f90cbbff000-7f90cbdff000 ---p 00016000 08:01 20582533                   /opt/jdk1.8.0_131/jre/lib/amd64/libnet.so
7f90cbdff000-7f90cbe00000 rw-p 00016000 08:01 20582533                   /opt/jdk1.8.0_131/jre/lib/amd64/libnet.so
7f90cbe00000-7f90cc000000 rw-p 00000000 00:00 0 
7f90cc000000-7f90cc293000 rw-p 00000000 00:00 0 
7f90cc293000-7f90d0000000 ---p 00000000 00:00 0 
7f90d0000000-7f90d0021000 rw-p 00000000 00:00 0 
7f90d0021000-7f90d4000000 ---p 00000000 00:00 0 
7f90d4000000-7f90d4021000 rw-p 00000000 00:00 0 
7f90d4021000-7f90d8000000 ---p 00000000 00:00 0 
7f90d8000000-7f90d8021000 rw-p 00000000 00:00 0 
7f90d8021000-7f90dc000000 ---p 00000000 00:00 0 
7f90dc000000-7f90dc510000 rw-p 00000000 00:00 0 
7f90dc510000-7f90e0000000 ---p 00000000 00:00 0 
7f90e0000000-7f90e0021000 rw-p 00000000 00:00 0 
7f90e0021000-7f90e4000000 ---p 00000000 00:00 0 
7f90e4000000-7f90e4021000 rw-p 00000000 00:00 0 
7f90e4021000-7f90e8000000 ---p 00000000 00:00 0 
7f90e8000000-7f90e8128000 rw-p 00000000 00:00 0 
7f90e8128000-7f90ec000000 ---p 00000000 00:00 0 
7f90ec000000-7f90ec021000 rw-p 00000000 00:00 0 
7f90ec021000-7f90f0000000 ---p 00000000 00:00 0 
7f90f0000000-7f90f0021000 rw-p 00000000 00:00 0 
7f90f0021000-7f90f4000000 ---p 00000000 00:00 0 
7f90f4000000-7f90f4021000 rw-p 00000000 00:00 0 
7f90f4021000-7f90f8000000 ---p 00000000 00:00 0 
7f90f8000000-7f90f8021000 rw-p 00000000 00:00 0 
7f90f8021000-7f90fc000000 ---p 00000000 00:00 0 
7f90fc000000-7f90fc021000 rw-p 00000000 00:00 0 
7f90fc021000-7f9100000000 ---p 00000000 00:00 0 
7f910009e000-7f91000af000 r-xp 00000000 08:01 18878968                   /lib/x86_64-linux-gnu/libnss_myhostname.so.2
7f91000af000-7f91000b1000 r--p 00010000 08:01 18878968                   /lib/x86_64-linux-gnu/libnss_myhostname.so.2
7f91000b1000-7f91000b2000 rw-p 00012000 08:01 18878968                   /lib/x86_64-linux-gnu/libnss_myhostname.so.2
7f91000b2000-7f91000e3000 rw-p 00000000 00:00 0 
7f91000e3000-7f91000e6000 ---p 00000000 00:00 0 
7f91000e6000-7f91001e4000 rw-p 00000000 00:00 0 
7f91001e4000-7f91001e7000 ---p 00000000 00:00 0 
7f91001e7000-7f91002e5000 rw-p 00000000 00:00 0 
7f91002e5000-7f91002e8000 ---p 00000000 00:00 0 
7f91002e8000-7f91003e6000 rw-p 00000000 00:00 0 
7f91003e6000-7f91003eb000 r-xp 00000000 08:01 524594                     /usr/lib/x86_64-linux-gnu/libXfixes.so.3.1.0
7f91003eb000-7f91005ea000 ---p 00005000 08:01 524594                     /usr/lib/x86_64-linux-gnu/libXfixes.so.3.1.0
7f91005ea000-7f91005eb000 r--p 00004000 08:01 524594                     /usr/lib/x86_64-linux-gnu/libXfixes.so.3.1.0
7f91005eb000-7f91005ec000 rw-p 00005000 08:01 524594                     /usr/lib/x86_64-linux-gnu/libXfixes.so.3.1.0
7f91005ec000-7f91005f6000 r-xp 00000000 08:01 524434                     /usr/lib/x86_64-linux-gnu/libXcursor.so.1.0.2
7f91005f6000-7f91007f5000 ---p 0000a000 08:01 524434                     /usr/lib/x86_64-linux-gnu/libXcursor.so.1.0.2
7f91007f5000-7f91007f6000 r--p 00009000 08:01 524434                     /usr/lib/x86_64-linux-gnu/libXcursor.so.1.0.2
7f91007f6000-7f91007f7000 rw-p 0000a000 08:01 524434                     /usr/lib/x86_64-linux-gnu/libXcursor.so.1.0.2
7f91007f7000-7f91007fa000 ---p 00000000 00:00 0 
7f91007fa000-7f91008f8000 rw-p 00000000 00:00 0 
7f91008f8000-7f910090e000 r-xp 00000000 08:01 18876048                   /lib/x86_64-linux-gnu/libgcc_s.so.1
7f910090e000-7f9100b0d000 ---p 00016000 08:01 18876048                   /lib/x86_64-linux-gnu/libgcc_s.so.1
7f9100b0d000-7f9100b0e000 r--p 00015000 08:01 18876048                   /lib/x86_64-linux-gnu/libgcc_s.so.1
7f9100b0e000-7f9100b0f000 rw-p 00016000 08:01 18876048                   /lib/x86_64-linux-gnu/libgcc_s.so.1
7f9100b0f000-7f9100b74000 r-xp 00000000 08:01 20582514                   /opt/jdk1.8.0_131/jre/lib/amd64/libfontmanager.so
7f9100b74000-7f9100d73000 ---p 00065000 08:01 20582514                   /opt/jdk1.8.0_131/jre/lib/amd64/libfontmanager.so
7f9100d73000-7f9100d78000 rw-p 00064000 08:01 20582514                   /opt/jdk1.8.0_131/jre/lib/amd64/libfontmanager.so
7f9100d78000-7f9100d88000 rw-p 00000000 00:00 0 
7f9100d88000-7f9100d9b000 r-xp 00000000 08:01 18876078                   /lib/x86_64-linux-gnu/libbsd.so.0.8.5
7f9100d9b000-7f9100f9a000 ---p 00013000 08:01 18876078                   /lib/x86_64-linux-gnu/libbsd.so.0.8.5
7f9100f9a000-7f9100f9b000 r--p 00012000 08:01 18876078                   /lib/x86_64-linux-gnu/libbsd.so.0.8.5
7f9100f9b000-7f9100f9c000 rw-p 00013000 08:01 18876078                   /lib/x86_64-linux-gnu/libbsd.so.0.8.5
7f9100f9c000-7f9100f9d000 rw-p 00000000 00:00 0 
7f9100f9d000-7f9100fa2000 r-xp 00000000 08:01 528500                     /usr/lib/x86_64-linux-gnu/libXdmcp.so.6.0.0
7f9100fa2000-7f91011a1000 ---p 00005000 08:01 528500                     /usr/lib/x86_64-linux-gnu/libXdmcp.so.6.0.0
7f91011a1000-7f91011a2000 r--p 00004000 08:01 528500                     /usr/lib/x86_64-linux-gnu/libXdmcp.so.6.0.0
7f91011a2000-7f91011a3000 rw-p 00005000 08:01 528500                     /usr/lib/x86_64-linux-gnu/libXdmcp.so.6.0.0
7f91011a3000-7f91011a6000 r-xp 00000000 08:01 528511                     /usr/lib/x86_64-linux-gnu/libXau.so.6.0.0
7f91011a6000-7f91013a5000 ---p 00003000 08:01 528511                     /usr/lib/x86_64-linux-gnu/libXau.so.6.0.0
7f91013a5000-7f91013a6000 r--p 00002000 08:01 528511                     /usr/lib/x86_64-linux-gnu/libXau.so.6.0.0
7f91013a6000-7f91013a7000 rw-p 00003000 08:01 528511                     /usr/lib/x86_64-linux-gnu/libXau.so.6.0.0
7f91013a7000-7f91013ce000 r-xp 00000000 08:01 524427                     /usr/lib/x86_64-linux-gnu/libxcb.so.1.1.0
7f91013ce000-7f91015cd000 ---p 00027000 08:01 524427                     /usr/lib/x86_64-linux-gnu/libxcb.so.1.1.0
7f91015cd000-7f91015ce000 r--p 00026000 08:01 524427                     /usr/lib/x86_64-linux-gnu/libxcb.so.1.1.0
7f91015ce000-7f91015cf000 rw-p 00027000 08:01 524427                     /usr/lib/x86_64-linux-gnu/libxcb.so.1.1.0
7f91015cf000-7f91015de000 r-xp 00000000 08:01 524410                     /usr/lib/x86_64-linux-gnu/libXi.so.6.1.0
7f91015de000-7f91017dd000 ---p 0000f000 08:01 524410                     /usr/lib/x86_64-linux-gnu/libXi.so.6.1.0
7f91017dd000-7f91017de000 r--p 0000e000 08:01 524410                     /usr/lib/x86_64-linux-gnu/libXi.so.6.1.0
7f91017de000-7f91017df000 rw-p 0000f000 08:01 524410                     /usr/lib/x86_64-linux-gnu/libXi.so.6.1.0
7f91017df000-7f91017e4000 r-xp 00000000 08:01 524648                     /usr/lib/x86_64-linux-gnu/libXtst.so.6.1.0
7f91017e4000-7f91019e3000 ---p 00005000 08:01 524648                     /usr/lib/x86_64-linux-gnu/libXtst.so.6.1.0
7f91019e3000-7f91019e4000 r--p 00004000 08:01 524648                     /usr/lib/x86_64-linux-gnu/libXtst.so.6.1.0
7f91019e4000-7f91019e5000 rw-p 00005000 08:01 524648                     /usr/lib/x86_64-linux-gnu/libXtst.so.6.1.0
7f91019e5000-7f91019ee000 r-xp 00000000 08:01 524576                     /usr/lib/x86_64-linux-gnu/libXrender.so.1.3.0
7f91019ee000-7f9101bed000 ---p 00009000 08:01 524576                     /usr/lib/x86_64-linux-gnu/libXrender.so.1.3.0
7f9101bed000-7f9101bee000 r--p 00008000 08:01 524576                     /usr/lib/x86_64-linux-gnu/libXrender.so.1.3.0
7f9101bee000-7f9101bef000 rw-p 00009000 08:01 524576                     /usr/lib/x86_64-linux-gnu/libXrender.so.1.3.0
7f9101bef000-7f9101d29000 r-xp 00000000 08:01 524395                     /usr/lib/x86_64-linux-gnu/libX11.so.6.3.0
7f9101d29000-7f9101f29000 ---p 0013a000 08:01 524395                     /usr/lib/x86_64-linux-gnu/libX11.so.6.3.0
7f9101f29000-7f9101f2a000 r--p 0013a000 08:01 524395                     /usr/lib/x86_64-linux-gnu/libX11.so.6.3.0
7f9101f2a000-7f9101f2f000 rw-p 0013b000 08:01 524395                     /usr/lib/x86_64-linux-gnu/libX11.so.6.3.0
7f9101f2f000-7f9101f40000 r-xp 00000000 08:01 528151                     /usr/lib/x86_64-linux-gnu/libXext.so.6.4.0
7f9101f40000-7f910213f000 ---p 00011000 08:01 528151                     /usr/lib/x86_64-linux-gnu/libXext.so.6.4.0
7f910213f000-7f9102140000 r--p 00010000 08:01 528151                     /usr/lib/x86_64-linux-gnu/libXext.so.6.4.0
7f9102140000-7f9102141000 rw-p 00011000 08:01 528151                     /usr/lib/x86_64-linux-gnu/libXext.so.6.4.0
7f9102166000-7f910216d000 r--s 00000000 08:01 1315883                    /usr/lib/x86_64-linux-gnu/gconv/gconv-modules.cache
7f910216d000-7f91021c1000 r-xp 00000000 08:01 20582540                   /opt/jdk1.8.0_131/jre/lib/amd64/libawt_xawt.so
7f91021c1000-7f91023c1000 ---p 00054000 08:01 20582540                   /opt/jdk1.8.0_131/jre/lib/amd64/libawt_xawt.so
7f91023c1000-7f91023c5000 rw-p 00054000 08:01 20582540                   /opt/jdk1.8.0_131/jre/lib/amd64/libawt_xawt.so
7f91023c5000-7f91023c6000 rw-p 00000000 00:00 0 
7f91023c6000-7f9102468000 r-xp 00000000 08:01 20582526                   /opt/jdk1.8.0_131/jre/lib/amd64/libawt.so
7f9102468000-7f9102668000 ---p 000a2000 08:01 20582526                   /opt/jdk1.8.0_131/jre/lib/amd64/libawt.so
7f9102668000-7f9102674000 rw-p 000a2000 08:01 20582526                   /opt/jdk1.8.0_131/jre/lib/amd64/libawt.so
7f9102674000-7f9102698000 rw-p 00000000 00:00 0 
7f9102698000-7f9102699000 ---p 00000000 00:00 0 
7f9102699000-7f9102799000 rw-p 00000000 00:00 0 
7f9102799000-7f910279c000 ---p 00000000 00:00 0 
7f910279c000-7f910289a000 rw-p 00000000 00:00 0 
7f910289a000-7f910289d000 ---p 00000000 00:00 0 
7f910289d000-7f910299b000 rw-p 00000000 00:00 0 
7f910299b000-7f910299e000 ---p 00000000 00:00 0 
7f910299e000-7f9102a9c000 rw-p 00000000 00:00 0 
7f9102a9c000-7f9102a9f000 ---p 00000000 00:00 0 
7f9102a9f000-7f9102b9d000 rw-p 00000000 00:00 0 
7f9102b9d000-7f9102bee000 r--p 00000000 08:01 394494                     /usr/lib/locale/aa_DJ.utf8/LC_CTYPE
7f9102bee000-7f9102d1e000 r--p 00000000 08:01 394339                     /usr/lib/locale/aa_DJ.utf8/LC_COLLATE
7f9102d1e000-7f9102d21000 ---p 00000000 00:00 0 
7f9102d21000-7f9102e1f000 rw-p 00000000 00:00 0 
7f9102e1f000-7f9102e22000 ---p 00000000 00:00 0 
7f9102e22000-7f9102f20000 rw-p 00000000 00:00 0 
7f9102f20000-7f9102f21000 ---p 00000000 00:00 0 
7f9102f21000-7f9103979000 rw-p 00000000 00:00 0 
7f9103979000-7f9103b52000 r--s 03d40000 08:01 19270801                   /opt/jdk1.8.0_131/jre/lib/rt.jar
7f9103b52000-7f91084dc000 rw-p 00000000 00:00 0 
7f91084dc000-7f91084dd000 ---p 00000000 00:00 0 
7f91084dd000-7f9108607000 rw-p 00000000 00:00 0 
7f9108607000-7f910886b000 ---p 00000000 00:00 0 
7f910886b000-7f9108895000 rw-p 00000000 00:00 0 
7f9108895000-7f9108af8000 ---p 00000000 00:00 0 
7f9108af8000-7f9108b0d000 rw-p 00000000 00:00 0 
7f9108b0d000-7f9108c3f000 ---p 00000000 00:00 0 
7f9108c3f000-7f9108c4d000 rw-p 00000000 00:00 0 
7f9108c4d000-7f9109000000 ---p 00000000 00:00 0 
7f9109000000-7f9109340000 rwxp 00000000 00:00 0 
7f9109340000-7f9118000000 ---p 00000000 00:00 0 
7f9118000000-7f9118229000 rw-p 00000000 00:00 0 
7f9118229000-7f911c000000 ---p 00000000 00:00 0 
7f911c002000-7f911c004000 r--s 00004000 08:01 16909897                   /root/eclipse-workspace/PMKVY/filechooser-1.3.jar
7f911c004000-7f911c00e000 r--s 000ea000 08:01 20056833                   /root/mysql-connector-java-5.1.42/mysql-connector-java-5.1.42-bin.jar
7f911c00e000-7f911c013000 r--s 002f9000 08:01 19270799                   /opt/jdk1.8.0_131/jre/lib/charsets.jar
7f911c013000-7f911c019000 r--s 00023000 08:01 16913950                   /root/eclipse-workspace/PMKVY/jcalendar-1.4.jar
7f911c019000-7f911c01a000 r--p 00000000 08:01 396052                     /usr/lib/locale/as_IN/LC_NUMERIC
7f911c01a000-7f911c01b000 r--p 00000000 08:01 525235                     /usr/lib/locale/en_IN/LC_TIME
7f911c01b000-7f911c01c000 r--p 00000000 08:01 395526                     /usr/lib/locale/ar_IN/LC_MONETARY
7f911c01c000-7f911c01d000 r--p 00000000 08:01 397096                     /usr/lib/locale/en_AG/LC_MESSAGES/SYS_LC_MESSAGES
7f911c01d000-7f911c01e000 r--p 00000000 08:01 394515                     /usr/lib/locale/aa_DJ.utf8/LC_PAPER
7f911c01e000-7f911c01f000 r--p 00000000 08:01 397278                     /usr/lib/locale/en_HK.utf8/LC_NAME
7f911c01f000-7f911c040000 rw-p 00000000 00:00 0 
7f911c040000-7f911c041000 ---p 00000000 00:00 0 
7f911c041000-7f911c141000 rw-p 00000000 00:00 0 
7f911c141000-7f911c15b000 r-xp 00000000 08:01 20582529                   /opt/jdk1.8.0_131/jre/lib/amd64/libzip.so
7f911c15b000-7f911c35b000 ---p 0001a000 08:01 20582529                   /opt/jdk1.8.0_131/jre/lib/amd64/libzip.so
7f911c35b000-7f911c35c000 rw-p 0001a000 08:01 20582529                   /opt/jdk1.8.0_131/jre/lib/amd64/libzip.so
7f911c35c000-7f911c366000 r-xp 00000000 08:01 18876397                   /lib/x86_64-linux-gnu/libnss_files-2.24.so
7f911c366000-7f911c566000 ---p 0000a000 08:01 18876397                   /lib/x86_64-linux-gnu/libnss_files-2.24.so
7f911c566000-7f911c567000 r--p 0000a000 08:01 18876397                   /lib/x86_64-linux-gnu/libnss_files-2.24.so
7f911c567000-7f911c568000 rw-p 0000b000 08:01 18876397                   /lib/x86_64-linux-gnu/libnss_files-2.24.so
7f911c568000-7f911c56e000 rw-p 00000000 00:00 0 
7f911c56e000-7f911c579000 r-xp 00000000 08:01 18876419                   /lib/x86_64-linux-gnu/libnss_nis-2.24.so
7f911c579000-7f911c778000 ---p 0000b000 08:01 18876419                   /lib/x86_64-linux-gnu/libnss_nis-2.24.so
7f911c778000-7f911c779000 r--p 0000a000 08:01 18876419                   /lib/x86_64-linux-gnu/libnss_nis-2.24.so
7f911c779000-7f911c77a000 rw-p 0000b000 08:01 18876419                   /lib/x86_64-linux-gnu/libnss_nis-2.24.so
7f911c77a000-7f911c78e000 r-xp 00000000 08:01 18876367                   /lib/x86_64-linux-gnu/libnsl-2.24.so
7f911c78e000-7f911c98e000 ---p 00014000 08:01 18876367                   /lib/x86_64-linux-gnu/libnsl-2.24.so
7f911c98e000-7f911c98f000 r--p 00014000 08:01 18876367                   /lib/x86_64-linux-gnu/libnsl-2.24.so
7f911c98f000-7f911c990000 rw-p 00015000 08:01 18876367                   /lib/x86_64-linux-gnu/libnsl-2.24.so
7f911c990000-7f911c992000 rw-p 00000000 00:00 0 
7f911c992000-7f911c999000 r-xp 00000000 08:01 18876383                   /lib/x86_64-linux-gnu/libnss_compat-2.24.so
7f911c999000-7f911cb98000 ---p 00007000 08:01 18876383                   /lib/x86_64-linux-gnu/libnss_compat-2.24.so
7f911cb98000-7f911cb99000 r--p 00006000 08:01 18876383                   /lib/x86_64-linux-gnu/libnss_compat-2.24.so
7f911cb99000-7f911cb9a000 rw-p 00007000 08:01 18876383                   /lib/x86_64-linux-gnu/libnss_compat-2.24.so
7f911cb9a000-7f911cbc5000 r-xp 00000000 08:01 20582523                   /opt/jdk1.8.0_131/jre/lib/amd64/libjava.so
7f911cbc5000-7f911cdc4000 ---p 0002b000 08:01 20582523                   /opt/jdk1.8.0_131/jre/lib/amd64/libjava.so
7f911cdc4000-7f911cdc6000 rw-p 0002a000 08:01 20582523                   /opt/jdk1.8.0_131/jre/lib/amd64/libjava.so
7f911cdc6000-7f911cdd3000 r-xp 00000000 08:01 20582528                   /opt/jdk1.8.0_131/jre/lib/amd64/libverify.so
7f911cdd3000-7f911cfd2000 ---p 0000d000 08:01 20582528                   /opt/jdk1.8.0_131/jre/lib/amd64/libverify.so
7f911cfd2000-7f911cfd4000 rw-p 0000c000 08:01 20582528                   /opt/jdk1.8.0_131/jre/lib/amd64/libverify.so
7f911cfd4000-7f911cfdb000 r-xp 00000000 08:01 18876450                   /lib/x86_64-linux-gnu/librt-2.24.so
7f911cfdb000-7f911d1da000 ---p 00007000 08:01 18876450                   /lib/x86_64-linux-gnu/librt-2.24.so
7f911d1da000-7f911d1db000 r--p 00006000 08:01 18876450                   /lib/x86_64-linux-gnu/librt-2.24.so
7f911d1db000-7f911d1dc000 rw-p 00007000 08:01 18876450                   /lib/x86_64-linux-gnu/librt-2.24.so
7f911d1dc000-7f911d2df000 r-xp 00000000 08:01 18876351                   /lib/x86_64-linux-gnu/libm-2.24.so
7f911d2df000-7f911d4de000 ---p 00103000 08:01 18876351                   /lib/x86_64-linux-gnu/libm-2.24.so
7f911d4de000-7f911d4df000 r--p 00102000 08:01 18876351                   /lib/x86_64-linux-gnu/libm-2.24.so
7f911d4df000-7f911d4e0000 rw-p 00103000 08:01 18876351                   /lib/x86_64-linux-gnu/libm-2.24.so
7f911d4e0000-7f911e1af000 r-xp 00000000 08:01 20582506                   /opt/jdk1.8.0_131/jre/lib/amd64/server/libjvm.so
7f911e1af000-7f911e3af000 ---p 00ccf000 08:01 20582506                   /opt/jdk1.8.0_131/jre/lib/amd64/server/libjvm.so
7f911e3af000-7f911e488000 rw-p 00ccf000 08:01 20582506                   /opt/jdk1.8.0_131/jre/lib/amd64/server/libjvm.so
7f911e488000-7f911e4d3000 rw-p 00000000 00:00 0 
7f911e4d3000-7f911e668000 r-xp 00000000 08:01 18876228                   /lib/x86_64-linux-gnu/libc-2.24.so
7f911e668000-7f911e868000 ---p 00195000 08:01 18876228                   /lib/x86_64-linux-gnu/libc-2.24.so
7f911e868000-7f911e86c000 r--p 00195000 08:01 18876228                   /lib/x86_64-linux-gnu/libc-2.24.so
7f911e86c000-7f911e86e000 rw-p 00199000 08:01 18876228                   /lib/x86_64-linux-gnu/libc-2.24.so
7f911e86e000-7f911e872000 rw-p 00000000 00:00 0 
7f911e872000-7f911e875000 r-xp 00000000 08:01 18876346                   /lib/x86_64-linux-gnu/libdl-2.24.so
7f911e875000-7f911ea74000 ---p 00003000 08:01 18876346                   /lib/x86_64-linux-gnu/libdl-2.24.so
7f911ea74000-7f911ea75000 r--p 00002000 08:01 18876346                   /lib/x86_64-linux-gnu/libdl-2.24.so
7f911ea75000-7f911ea76000 rw-p 00003000 08:01 18876346                   /lib/x86_64-linux-gnu/libdl-2.24.so
7f911ea76000-7f911ea8b000 r-xp 00000000 08:01 19270616                   /opt/jdk1.8.0_131/lib/amd64/jli/libjli.so
7f911ea8b000-7f911ec8b000 ---p 00015000 08:01 19270616                   /opt/jdk1.8.0_131/lib/amd64/jli/libjli.so
7f911ec8b000-7f911ec8c000 rw-p 00015000 08:01 19270616                   /opt/jdk1.8.0_131/lib/amd64/jli/libjli.so
7f911ec8c000-7f911eca4000 r-xp 00000000 08:01 18876446                   /lib/x86_64-linux-gnu/libpthread-2.24.so
7f911eca4000-7f911eea3000 ---p 00018000 08:01 18876446                   /lib/x86_64-linux-gnu/libpthread-2.24.so
7f911eea3000-7f911eea4000 r--p 00017000 08:01 18876446                   /lib/x86_64-linux-gnu/libpthread-2.24.so
7f911eea4000-7f911eea5000 rw-p 00018000 08:01 18876446                   /lib/x86_64-linux-gnu/libpthread-2.24.so
7f911eea5000-7f911eea9000 rw-p 00000000 00:00 0 
7f911eea9000-7f911eecc000 r-xp 00000000 08:01 18876038                   /lib/x86_64-linux-gnu/ld-2.24.so
7f911eecc000-7f911eecd000 r--p 00000000 08:01 525230                     /usr/lib/locale/en_IN/LC_ADDRESS
7f911eecd000-7f911eece000 r--p 00000000 08:01 394600                     /usr/lib/locale/anp_IN/LC_TELEPHONE
7f911eece000-7f911eecf000 r--p 00000000 08:01 394507                     /usr/lib/locale/aa_DJ.utf8/LC_MEASUREMENT
7f911eecf000-7f911ef9a000 rw-p 00000000 00:00 0 
7f911ef9a000-7f911ef9d000 ---p 00000000 00:00 0 
7f911ef9d000-7f911f09d000 rw-p 00000000 00:00 0 
7f911f09d000-7f911f09e000 r--p 00000000 08:01 525232                     /usr/lib/locale/en_IN/LC_IDENTIFICATION
7f911f09e000-7f911f0bf000 rw-p 00000000 00:00 0 
7f911f0bf000-7f911f0c7000 rw-s 00000000 08:01 8260832                    /tmp/hsperfdata_root/7226
7f911f0c7000-7f911f0c8000 rw-p 00000000 00:00 0 
7f911f0c8000-7f911f0c9000 r--p 00000000 00:00 0 
7f911f0c9000-7f911f0cc000 rw-p 00000000 00:00 0 
7f911f0cc000-7f911f0cd000 r--p 00023000 08:01 18876038                   /lib/x86_64-linux-gnu/ld-2.24.so
7f911f0cd000-7f911f0ce000 rw-p 00024000 08:01 18876038                   /lib/x86_64-linux-gnu/ld-2.24.so
7f911f0ce000-7f911f0cf000 rw-p 00000000 00:00 0 
7ffe03913000-7ffe03934000 rw-p 00000000 00:00 0                          [stack]
7ffe03997000-7ffe03999000 r--p 00000000 00:00 0                          [vvar]
7ffe03999000-7ffe0399b000 r-xp 00000000 00:00 0                          [vdso]
ffffffffff600000-ffffffffff601000 r-xp 00000000 00:00 0                  [vsyscall]

VM Arguments:
jvm_args: -Dfile.encoding=UTF-8 
java_command: AddStudent
java_class_path (initial): /root/eclipse-workspace/PMKVY:/root/eclipse-workspace/PMKVY/jcalendar-1.4.jar:/root/mysql-connector-java-5.1.42/mysql-connector-java-5.1.42-bin.jar:/root/eclipse-workspace/PMKVY/filechooser-1.3.jar
Launcher Type: SUN_STANDARD

Environment Variables:
PATH=/usr/local/sbin:/usr/local/bin:/usr/sbin:/usr/bin:/sbin:/bin
USERNAME=root
SHELL=/usr/bin/fish
DISPLAY=:0

Signal Handlers:
SIGSEGV: [libjvm.so+0xac8af0], sa_mask[0]=11111111011111111101111111111110, sa_flags=SA_RESTART|SA_SIGINFO
SIGBUS: [libjvm.so+0xac8af0], sa_mask[0]=11111111011111111101111111111110, sa_flags=SA_RESTART|SA_SIGINFO
SIGFPE: [libjvm.so+0x921dd0], sa_mask[0]=11111111011111111101111111111110, sa_flags=SA_RESTART|SA_SIGINFO
SIGPIPE: [libjvm.so+0x921dd0], sa_mask[0]=11111111011111111101111111111110, sa_flags=SA_RESTART|SA_SIGINFO
SIGXFSZ: [libjvm.so+0x921dd0], sa_mask[0]=11111111011111111101111111111110, sa_flags=SA_RESTART|SA_SIGINFO
SIGILL: [libjvm.so+0x921dd0], sa_mask[0]=11111111011111111101111111111110, sa_flags=SA_RESTART|SA_SIGINFO
SIGUSR1: SIG_DFL, sa_mask[0]=00000000000000000000000000000000, sa_flags=none
SIGUSR2: [libjvm.so+0x923610], sa_mask[0]=00100000000000000000000000000000, sa_flags=SA_RESTART|SA_SIGINFO
SIGHUP: [libjvm.so+0x924a10], sa_mask[0]=11111111011111111101111111111110, sa_flags=SA_RESTART|SA_SIGINFO
SIGINT: [libjvm.so+0x924a10], sa_mask[0]=11111111011111111101111111111110, sa_flags=SA_RESTART|SA_SIGINFO
SIGTERM: [libjvm.so+0x924a10], sa_mask[0]=11111111011111111101111111111110, sa_flags=SA_RESTART|SA_SIGINFO
SIGQUIT: [libjvm.so+0x924a10], sa_mask[0]=11111111011111111101111111111110, sa_flags=SA_RESTART|SA_SIGINFO


---------------  S Y S T E M  ---------------

OS:DISTRIB_ID=Kali
DISTRIB_RELEASE=kali-rolling
DISTRIB_CODENAME=kali-rolling
DISTRIB_DESCRIPTION="Kali GNU/Linux Rolling"

uname:Linux 4.9.0-kali4-amd64 #1 SMP Debian 4.9.30-2kali1 (2017-06-22) x86_64
libc:glibc 2.24 NPTL 2.24 
rlimit: STACK 8192k, CORE 0k, NPROC 31209, NOFILE 4096, AS infinity
load average:0.44 0.46 0.65

/proc/meminfo:
MemTotal:        8020496 kB
MemFree:         1090536 kB
MemAvailable:    4099708 kB
Buffers:          339972 kB
Cached:          2804252 kB
SwapCached:            0 kB
Active:          3857624 kB
Inactive:        2545356 kB
Active(anon):    2671160 kB
Inactive(anon):   818328 kB
Active(file):    1186464 kB
Inactive(file):  1727028 kB
Unevictable:           0 kB
Mlocked:               0 kB
SwapTotal:       8227836 kB
SwapFree:        8227836 kB
Dirty:               404 kB
Writeback:             0 kB
AnonPages:       3258792 kB
Mapped:           363016 kB
Shmem:            230736 kB
Slab:             437344 kB
SReclaimable:     399028 kB
SUnreclaim:        38316 kB
KernelStack:        8912 kB
PageTables:        38040 kB
NFS_Unstable:          0 kB
Bounce:                0 kB
WritebackTmp:          0 kB
CommitLimit:    12238084 kB
Committed_AS:    7496648 kB
VmallocTotal:   34359738367 kB
VmallocUsed:           0 kB
VmallocChunk:          0 kB
HardwareCorrupted:     0 kB
AnonHugePages:      2048 kB
ShmemHugePages:        0 kB
ShmemPmdMapped:        0 kB
HugePages_Total:       0
HugePages_Free:        0
HugePages_Rsvd:        0
HugePages_Surp:        0
Hugepagesize:       2048 kB
DirectMap4k:       89912 kB
DirectMap2M:     8140800 kB


CPU:total 2 (initial active 2) (2 cores per cpu, 1 threads per core) family 6 model 42 stepping 7, cmov, cx8, fxsr, mmx, sse, sse2, sse3, ssse3, sse4.1, sse4.2, popcnt, clmul, tsc, tscinvbit

/proc/cpuinfo:
processor	: 0
vendor_id	: GenuineIntel
cpu family	: 6
model		: 42
model name	: Intel(R) Pentium(R) CPU B960 @ 2.20GHz
stepping	: 7
microcode	: 0x29
cpu MHz		: 1199.633
cache size	: 2048 KB
physical id	: 0
siblings	: 2
core id		: 0
cpu cores	: 2
apicid		: 0
initial apicid	: 0
fpu		: yes
fpu_exception	: yes
cpuid level	: 13
wp		: yes
flags		: fpu vme de pse tsc msr pae mce cx8 apic sep mtrr pge mca cmov pat pse36 clflush dts acpi mmx fxsr sse sse2 ss ht tm pbe syscall nx rdtscp lm constant_tsc arch_perfmon pebs bts rep_good nopl xtopology nonstop_tsc aperfmperf eagerfpu pni pclmulqdq dtes64 monitor ds_cpl est tm2 ssse3 cx16 xtpr pdcm pcid sse4_1 sse4_2 x2apic popcnt tsc_deadline_timer xsave lahf_lm epb xsaveopt dtherm arat pln pts
bugs		:
bogomips	: 4390.20
clflush size	: 64
cache_alignment	: 64
address sizes	: 36 bits physical, 48 bits virtual
power management:

processor	: 1
vendor_id	: GenuineIntel
cpu family	: 6
model		: 42
model name	: Intel(R) Pentium(R) CPU B960 @ 2.20GHz
stepping	: 7
microcode	: 0x29
cpu MHz		: 1202.319
cache size	: 2048 KB
physical id	: 0
siblings	: 2
core id		: 1
cpu cores	: 2
apicid		: 2
initial apicid	: 2
fpu		: yes
fpu_exception	: yes
cpuid level	: 13
wp		: yes
flags		: fpu vme de pse tsc msr pae mce cx8 apic sep mtrr pge mca cmov pat pse36 clflush dts acpi mmx fxsr sse sse2 ss ht tm pbe syscall nx rdtscp lm constant_tsc arch_perfmon pebs bts rep_good nopl xtopology nonstop_tsc aperfmperf eagerfpu pni pclmulqdq dtes64 monitor ds_cpl est tm2 ssse3 cx16 xtpr pdcm pcid sse4_1 sse4_2 x2apic popcnt tsc_deadline_timer xsave lahf_lm epb xsaveopt dtherm arat pln pts
bugs		:
bogomips	: 4391.05
clflush size	: 64
cache_alignment	: 64
address sizes	: 36 bits physical, 48 bits virtual
power management:



Memory: 4k page, physical 8020496k(1090536k free), swap 8227836k(8227836k free)

vm_info: Java HotSpot(TM) 64-Bit Server VM (25.131-b11) for linux-amd64 JRE (1.8.0_131-b11), built on Mar 15 2017 01:23:40 by "java_re" with gcc 4.3.0 20080428 (Red Hat 4.3.0-8)

time: Sun Jul  9 10:10:05 2017
elapsed time: 6 seconds (0d 0h 0m 6s)

